<?xml version="1.0" encoding="UTF-8" ?>
<testsuites disabled="0" errors="0" failures="0" tests="2" time="85.866">
 <testsuite name="invalid login functionality tests" timestamp="2020-03-10T08:46:48" hostname="localhost" time="40.366" errors="0" tests="1" skipped="0" disabled="0" failures="0">
  <testcase classname="invalid login functionality tests" name="invalid login check" time="40.35" />
 </testsuite>
 <testsuite name="invalid login functionality tests" timestamp="2020-03-10T08:47:28" hostname="localhost" time="45.5" errors="0" tests="1" skipped="0" disabled="0" failures="0">
  <testcase classname="invalid login functionality tests" name="Physician Search Page Check" time="45.493" />
 </testsuite>
</testsuites>